<?xml version="1.0" encoding="UTF-8"?>
<!-- Generated by org.testng.reporters.JUnitXMLReporter -->
<testsuite ignored="0" hostname="DESKTOP-QDTG502" failures="0" tests="13" name="API" time="6.507" errors="0" timestamp="2023-03-28T15:14:42 IST">
  <testcase classname="API_WEB_PACK.Check_user_kapiva" name="checking_user" time="4.967"/>
  <testcase classname="API_WEB_PACK.kapiva_create_user" name="autosign" time="4.988"/>
  <testcase classname="API_WEB_PACK.GetAllOrderstatuses" name="getallorder_status" time="5.237"/>
  <testcase classname="API_WEB_PACK.GetCart" name="get_cart" time="5.241"/>
  <testcase classname="API_WEB_PACK.Get_checkout" name="get_checkko" time="5.258"/>
  <testcase classname="API_WEB_PACK.Get_product_variant" name="get_pdt_variant" time="5.313"/>
  <testcase classname="API_WEB_PACK.Get_payment_methods" name="get_payment" time="5.329"/>
  <testcase classname="API_WEB_PACK.Get_Order" name="get_ordder" time="5.349"/>
  <testcase classname="API_WEB_PACK.Get_customers" name="get_customers" time="5.392"/>
  <testcase classname="API_WEB_PACK.Validate_customer_Credentials" name="cust_cred" time="5.397"/>
  <testcase classname="API_WEB_PACK.Track_order" name="track_order" time="5.453"/>
  <testcase classname="API_WEB_PACK.Create_order" name="create_order" time="5.611"/>
  <testcase classname="API_WEB_PACK.OTPLogin" name="checking_user" time="6.421"/>
</testsuite> <!-- API -->
