<?xml version="1.0" encoding="UTF-8"?>
<testng-results ignored="0" total="1" passed="1" failed="0" skipped="0">
  <reporter-output>
  </reporter-output>
  <suite started-at="2023-03-07T15:42:08 IST" name="Default suite" finished-at="2023-03-07T15:42:11 IST" duration-ms="3052">
    <groups>
    </groups>
    <test started-at="2023-03-07T15:42:08 IST" name="Default test" finished-at="2023-03-07T15:42:11 IST" duration-ms="3052">
      <class name="API_WEB_PACK.Get_Order">
        <test-method signature="get_ordder()[pri:0, instance:API_WEB_PACK.Get_Order@3e84448c]" started-at="2023-03-07T15:42:08 IST" name="get_ordder" finished-at="2023-03-07T15:42:11 IST" duration-ms="2978" status="PASS">
          <reporter-output>
          </reporter-output>
        </test-method> <!-- get_ordder -->
      </class> <!-- API_WEB_PACK.Get_Order -->
    </test> <!-- Default test -->
  </suite> <!-- Default suite -->
</testng-results>
