<?xml version="1.0" encoding="UTF-8"?>
<testng-results ignored="0" total="1" passed="1" failed="0" skipped="0">
  <reporter-output>
  </reporter-output>
  <suite started-at="2023-03-28T15:34:51 IST" name="Default suite" finished-at="2023-03-28T15:34:55 IST" duration-ms="3874">
    <groups>
    </groups>
    <test started-at="2023-03-28T15:34:51 IST" name="Default test" finished-at="2023-03-28T15:34:55 IST" duration-ms="3874">
      <class name="API_WEB_PACK.kapiva_create_user">
        <test-method signature="autosign()[pri:0, instance:API_WEB_PACK.kapiva_create_user@54e1c68b]" started-at="2023-03-28T15:34:51 IST" name="autosign" finished-at="2023-03-28T15:34:55 IST" duration-ms="3798" status="PASS">
          <reporter-output>
          </reporter-output>
        </test-method> <!-- autosign -->
      </class> <!-- API_WEB_PACK.kapiva_create_user -->
    </test> <!-- Default test -->
  </suite> <!-- Default suite -->
</testng-results>
